
ROM used:   201/8192 (2%)
            201/8192 (2%) including unused fragments

            0.3 Average locations per line
            18.3 Average locations per statement

RAM used:   9/368 (2%) at main() level
            12/368 (3%) worst case

Stack used: 0 worst case (0 in main + 0 for interrupts)
Stack size: 8

Lines Stmts  %   Files
----- ----- ---  -----
   29    11 100  main.c
  759     0   0  ..\..\..\Program Files (x86)\PICC\devices\16F886.h
----- -----
  788    11 Total

Page ROM  %  RAM    Vol Diff  Functions:
---- --- --- ---    --- ----  ----------
0     20  10    1             @delay_ms1
0     80  40    1    200  2.6  main
0      7   3    0             @const604
0     90  45    4             @PSTRINGC7_4800_62_63
 Inline         0             @cinit1

Program metrics:
    Functions               1
    Statements              11
    Comments                134
    Volume (V)              208
    Difficulty (D)          2.2
    Effort to implement (E) 449
    Time to implement (T)   0 minutes
    Est Delivered Bugs (B)  0
    Cyclomatic Complexity   1
    Maintainability (MI)    64

 Segment     Used  Free
-----------  ----  ----
00000-00003     4  0  
00004-007FF   197  1847  
00800-00FFF     0  2048  
01000-017FF     0  2048  
01800-01FFF     0  2048  



