
ROM used:   1088/8192 (13%)
            1088/8192 (13%) including unused fragments

            1.4 Average locations per line
            57.3 Average locations per statement

RAM used:   21/368 (6%) at main() level
            46/368 (12%) worst case

Stack used: 2 worst case (2 in main + 0 for interrupts)
Stack size: 8

Lines Stmts  %   Files
----- ----- ---  -----
   41    19 100  Main.c
  759     0   0  ..\..\..\Program Files (x86)\PICC\devices\16F886.h
----- -----
  800    19 Total

Page ROM  %  RAM    Vol Diff  Functions:
---- --- --- ---    --- ----  ----------
0     23   2    1             @delay_ms1
0     18   2    1             @I2C_WRITEU_1
0     16   1    1             @I2C_READU_1
0    265  24    1    549  3.7  main
0      6   1    0             @const613
0     88   8    4             @PSTRINGC7_9600_62_63
0      8   1    0             @const618
0      7   1    0             @const619
0     89   8    5             @PSTRINGCN7_9600_62_63
0     91   8    9             @PRINTF_LU_9600_62_63
0     29   3    2             @ITOF
0    117  11   13             @MULFF
0     10   1    0             @const629
 Inline         5             @FTOSD
0     79   7   13             @DIV3232
0    228  21   13             @PRINTF_L32D_9600_62_63FPFPF
0     10   1    0             @const638
 Inline         0             @cinit1

Program metrics:
    Functions               1
    Statements              19
    Comments                136
    Volume (V)              586
    Difficulty (D)          2.7
    Effort to implement (E) 1575
    Time to implement (T)   1 minutes
    Est Delivered Bugs (B)  0
    Cyclomatic Complexity   1
    Maintainability (MI)    55

 Segment     Used  Free
-----------  ----  ----
00000-00003     4  0  
00004-007FF  1084  960  
00800-00FFF     0  2048  
01000-017FF     0  2048  
01800-01FFF     0  2048  



