
ROM used:   66/8192 (1%)
            66/8192 (1%) including unused fragments

            0.1 Average locations per line
            11.0 Average locations per statement

RAM used:   6/368 (2%) at main() level
            6/368 (2%) worst case

Stack used: 0 worst case (0 in main + 0 for interrupts)
Stack size: 8

Lines Stmts  %   Files
----- ----- ---  -----
   20     6 100  main.c
  759     0   0  ..\..\..\Program Files (x86)\PICC\devices\16F886.h
----- -----
  779     6 Total

Page ROM  %  RAM    Vol Diff  Functions:
---- --- --- ---    --- ----  ----------
0     22  33    1             @delay_ms1
0     40  61    1     98  2.8  main
 Inline         0             @cinit1

Program metrics:
    Functions               1
    Statements              6
    Comments                134
    Volume (V)              102
    Difficulty (D)          2.3
    Effort to implement (E) 238
    Time to implement (T)   0 minutes
    Est Delivered Bugs (B)  0
    Cyclomatic Complexity   2
    Maintainability (MI)    78

 Segment     Used  Free
-----------  ----  ----
00000-00003     4  0  
00004-007FF    62  1982  
00800-00FFF     0  2048  
01000-017FF     0  2048  
01800-01FFF     0  2048  



